<?xml version="1.0" encoding="UTF-8" ?>
<testsuite errors="0" failures="0" hostname="mini14" name="PalindromeTest" skipped="0" tests="2" time="0.057" timestamp="2014-05-26T22:12:09">
  <properties>
[...]
</properties>
  <testcase classname="PalindromeTest" name="testRun[0]" time="0.002" />
  <testcase classname="PalindromeTest" name="testRun[1]" time="0.0" />
  <system-out><![CDATA[]]></system-out>
  <system-err><![CDATA[log4j:WARN No appenders could be found for logger (PalindromeTest).
log4j:WARN Please initialize the log4j system properly.
log4j:WARN See http://logging.apache.org/log4j/1.2/faq.html#noconfig for more info.
]]></system-err>
</testsuite>
